09:08:35.462 [main] INFO  Retrieving_API_Keys.testCases.TC003_GenerateAPIKey - Login Successful
09:09:19.512 [main] INFO  Retrieving_API_Keys.testCases.TC003_GenerateAPIKey - App Created Successfully
09:09:24.523 [main] INFO  Retrieving_API_Keys.testCases.TC003_GenerateAPIKey - Retrieving App Data
09:09:24.556 [main] INFO  Retrieving_API_Keys.testCases.TC003_GenerateAPIKey - Copying Data to ClipBoard
09:09:24.694 [main] INFO  Retrieving_API_Keys.testCases.TC003_GenerateAPIKey - ApiKey: sk_live_NOsySwYtHrNFLpIZlMgAqKdH02U3r7Ho4UpZabHr
16:11:19.976 [main] INFO  API.testCases.TC001_BVN - Initializing BVN consent
16:13:32.554 [main] INFO  API.testCases.TC001_BVN - Initializing BVN consent
16:15:22.159 [main] INFO  API.testCases.TC001_BVN - Initializing BVN account consent
01:26:19.916 [main] INFO  API.testCases.TC003_Decisioning - Fetching Decisioning Models
01:26:30.882 [main] INFO  API.testCases.TC003_Decisioning - Decisioning Models Displayed
01:26:31.054 [main] INFO  API.testCases.TC003_Decisioning - Fetching Decisioning Models Details
01:29:30.874 [main] INFO  API.testCases.TC003_Decisioning - Fetching Decisioning Models
01:29:37.738 [main] INFO  API.testCases.TC003_Decisioning - Decisioning Models Displayed
01:29:37.879 [main] INFO  API.testCases.TC003_Decisioning - Fetching Decisioning Models Details
01:32:10.744 [main] INFO  API.testCases.TC003_Decisioning - Fetching Decisioning Models
01:32:18.460 [main] INFO  API.testCases.TC003_Decisioning - Decisioning Models Displayed
01:33:33.535 [main] INFO  API.testCases.TC003_Decisioning - Fetching Decisioning Models
01:33:41.064 [main] INFO  API.testCases.TC003_Decisioning - Decisioning Models Displayed
01:34:32.479 [main] INFO  API.testCases.TC003_Decisioning - Fetching Decisioning Models
01:34:39.260 [main] INFO  API.testCases.TC003_Decisioning - Decisioning Models Displayed
01:34:42.772 [main] INFO  API.testCases.TC003_Decisioning - Fetching Decisioning Models Details
01:36:06.044 [main] INFO  API.testCases.TC003_Decisioning - Fetching Decisioning Models
01:36:13.398 [main] INFO  API.testCases.TC003_Decisioning - Decisioning Models Displayed
01:36:13.523 [main] INFO  API.testCases.TC003_Decisioning - Fetching Decisioning Models Details
01:38:04.828 [main] INFO  API.testCases.TC003_Decisioning - Fetching Decisioning Models
01:38:11.899 [main] INFO  API.testCases.TC003_Decisioning - Decisioning Models Displayed
01:38:12.008 [main] INFO  API.testCases.TC003_Decisioning - Fetching Decisioning Models Details
01:40:57.905 [main] INFO  API.testCases.TC003_Decisioning - Fetching Decisioning Models
01:41:06.739 [main] INFO  API.testCases.TC003_Decisioning - Decisioning Models Displayed
01:41:06.911 [main] INFO  API.testCases.TC003_Decisioning - Fetching Decisioning Models Details
01:45:38.911 [main] INFO  API.testCases.TC003_Decisioning - Fetching Decisioning Models
01:45:46.022 [main] INFO  API.testCases.TC003_Decisioning - Decisioning Models Displayed
01:45:46.163 [main] INFO  API.testCases.TC003_Decisioning - Fetching Decisioning Models Details
01:47:01.554 [main] INFO  API.testCases.TC003_Decisioning - Fetching Decisioning Models
01:47:08.825 [main] INFO  API.testCases.TC003_Decisioning - Decisioning Models Displayed
01:47:08.965 [main] INFO  API.testCases.TC003_Decisioning - Fetching Decisioning Models Details
01:47:11.722 [main] INFO  API.testCases.TC003_Decisioning - Decisioning Models Details Displayed
01:48:39.714 [main] INFO  API.testCases.TC003_Decisioning - Fetching Decisioning Models
01:48:48.370 [main] INFO  API.testCases.TC003_Decisioning - Decisioning Models Displayed
01:48:48.502 [main] INFO  API.testCases.TC003_Decisioning - Fetching Decisioning Models Details
01:51:17.677 [main] INFO  API.testCases.TC003_Decisioning - Fetching Decisioning Models
01:51:25.959 [main] INFO  API.testCases.TC003_Decisioning - Decisioning Models Displayed
01:51:26.115 [main] INFO  API.testCases.TC003_Decisioning - Fetching Decisioning Models Details
01:53:40.701 [main] INFO  API.testCases.TC003_Decisioning - Fetching Decisioning Models
01:53:52.653 [main] INFO  API.testCases.TC003_Decisioning - Decisioning Models Displayed
01:53:52.935 [main] INFO  API.testCases.TC003_Decisioning - Fetching Decisioning Models Details
01:56:49.579 [main] INFO  API.testCases.TC003_Decisioning - Fetching Decisioning Models
01:57:02.646 [main] INFO  API.testCases.TC003_Decisioning - Decisioning Models Displayed
01:57:02.818 [main] INFO  API.testCases.TC003_Decisioning - Fetching Decisioning Models Details
01:57:09.067 [main] INFO  API.testCases.TC003_Decisioning - Decisioning Models Details Displayed
02:05:16.539 [main] INFO  API.testCases.TC003_Decisioning - Fetching Decisioning Models
02:05:23.678 [main] INFO  API.testCases.TC003_Decisioning - Decisioning Models Displayed
02:05:24.022 [main] INFO  API.testCases.TC003_Decisioning - Fetching Decisioning Models Details
02:05:25.535 [main] INFO  API.testCases.TC003_Decisioning - Decisioning Models Details Displayed
02:07:18.484 [main] INFO  API.testCases.TC002_CreditBureaus - Fetching Credit Report from CRC Credit Bureau
02:07:25.170 [main] INFO  API.testCases.TC002_CreditBureaus - Credit Report Displayed
02:07:25.186 [main] INFO  API.testCases.TC002_CreditBureaus - Fetching Credit Report from FirstCentral Credit Bureau
02:08:12.586 [main] INFO  API.testCases.TC003_Decisioning - Fetching Decisioning Models
02:08:19.329 [main] INFO  API.testCases.TC003_Decisioning - Decisioning Models Displayed
02:08:19.469 [main] INFO  API.testCases.TC003_Decisioning - Fetching Decisioning Models Details
02:08:22.396 [main] INFO  API.testCases.TC003_Decisioning - Decisioning Models Details Displayed
11:08:54.195 [main] INFO  API.testCases.TC004_Loans - Getting Loan Products
11:08:59.612 [main] INFO  API.testCases.TC004_Loans - Initializing Loan Application
11:11:53.175 [main] INFO  API.testCases.TC004_Loans - Getting Loan Products
11:12:11.779 [main] INFO  API.testCases.TC004_Loans - Initializing Loan Application
11:12:36.778 [main] INFO  API.testCases.TC004_Loans - Initializing Loan Application
11:20:02.259 [main] INFO  API.testCases.TC004_Loans - Getting Loan Products
11:37:52.205 [main] INFO  API.testCases.TC004_Loans - Getting Loan Products
11:37:58.477 [main] INFO  API.testCases.TC004_Loans - Initializing Loan Application
11:42:05.335 [main] INFO  API.testCases.TC004_Loans - Getting Loan Products
11:42:10.881 [main] INFO  API.testCases.TC004_Loans - Loan Products Displayed
11:42:13.016 [main] INFO  API.testCases.TC004_Loans - Initializing Loan Application
11:45:11.342 [main] INFO  API.testCases.TC004_Loans - Getting Loan Products
11:45:17.622 [main] INFO  API.testCases.TC004_Loans - Loan Products Displayed
11:45:19.839 [main] INFO  API.testCases.TC004_Loans - Initializing Loan Application
11:47:56.477 [main] INFO  API.testCases.TC004_Loans - Getting Loan Products
11:48:01.767 [main] INFO  API.testCases.TC004_Loans - Loan Products Displayed
11:48:04.405 [main] INFO  API.testCases.TC004_Loans - Initializing Loan Application
11:51:17.590 [main] INFO  API.testCases.TC004_Loans - Getting Loan Products
11:51:24.028 [main] INFO  API.testCases.TC004_Loans - Loan Products Displayed
11:51:26.195 [main] INFO  API.testCases.TC004_Loans - Initializing Loan Application
11:56:25.668 [main] INFO  API.testCases.TC004_Loans - Getting Loan Products
11:56:32.902 [main] INFO  API.testCases.TC004_Loans - Loan Products Displayed
11:56:34.903 [main] INFO  API.testCases.TC004_Loans - Initializing Loan Application
11:57:43.654 [main] INFO  API.testCases.TC004_Loans - Getting Loan Products
11:57:50.163 [main] INFO  API.testCases.TC004_Loans - Loan Products Displayed
11:57:52.096 [main] INFO  API.testCases.TC004_Loans - Initializing Loan Application
12:06:53.268 [main] INFO  API.testCases.TC004_Loans - Getting Loan Products
12:07:03.145 [main] INFO  API.testCases.TC004_Loans - Loan Products Displayed
12:07:05.847 [main] INFO  API.testCases.TC004_Loans - Initializing Loan Application
12:07:44.188 [main] INFO  API.testCases.TC004_Loans - Getting Loan Products
12:07:52.500 [main] INFO  API.testCases.TC004_Loans - Loan Products Displayed
12:07:54.894 [main] INFO  API.testCases.TC004_Loans - Initializing Loan Application
12:13:29.198 [main] INFO  API.testCases.TC004_Loans - Getting Loan Products
12:13:36.613 [main] INFO  API.testCases.TC004_Loans - Loan Products Displayed
12:13:38.688 [main] INFO  API.testCases.TC004_Loans - Initializing Loan Application
12:14:50.024 [main] INFO  API.testCases.TC004_Loans - Getting Loan Products
12:14:57.800 [main] INFO  API.testCases.TC004_Loans - Loan Products Displayed
12:14:59.779 [main] INFO  API.testCases.TC004_Loans - Initializing Loan Application
12:19:39.886 [main] INFO  API.testCases.TC004_Loans - Getting Loan Products
12:19:46.285 [main] INFO  API.testCases.TC004_Loans - Loan Products Displayed
12:19:49.060 [main] INFO  API.testCases.TC004_Loans - Initializing Loan Application
12:23:43.876 [main] INFO  API.testCases.TC004_Loans - Getting Loan Products
12:23:52.239 [main] INFO  API.testCases.TC004_Loans - Loan Products Displayed
12:23:54.861 [main] INFO  API.testCases.TC004_Loans - Initializing Loan Application
12:24:41.758 [main] INFO  API.testCases.TC004_Loans - Getting Loan Products
12:24:47.735 [main] INFO  API.testCases.TC004_Loans - Loan Products Displayed
12:24:49.123 [main] INFO  API.testCases.TC004_Loans - Initializing Loan Application
12:25:57.026 [main] INFO  API.testCases.TC004_Loans - Getting Loan Products
12:26:01.880 [main] INFO  API.testCases.TC004_Loans - Loan Products Displayed
12:26:04.256 [main] INFO  API.testCases.TC004_Loans - Initializing Loan Application
12:28:54.441 [main] INFO  API.testCases.TC004_Loans - Getting Loan Products
12:29:03.893 [main] INFO  API.testCases.TC004_Loans - Loan Products Displayed
12:29:05.393 [main] INFO  API.testCases.TC004_Loans - Initializing Loan Application
